<?xml version="1.0" encoding="UTF-8"?>
<!-- Generated by org.testng.reporters.JUnitXMLReporter -->
<testsuite ignored="7" hostname="AN-HYD-LPT-141" failures="0" tests="4" name="landingpage" time="40.503" errors="0" timestamp="2024-03-18T11:33:58 IST">
  <testcase classname="TestCases_Login.loginPage" name="login" time="15.671"/>
  <testcase classname="TestCases_Landingpage.addrow" name="landingpage_view" time="10.135"/>
  <testcase classname="TestCases_Landingpage.addrow" name="lp_edit" time="9.263"/>
  <testcase classname="TestCases_Landingpage.addrow" name="lp_actdev_btn" time="3.063"/>
  <testcase classname="TestCases_Login.loginPage" name="loginempty" time="0.0">
    <ignored/>
  </testcase> <!-- loginempty -->
  <testcase classname="TestCases_Login.loginPage" name="logout" time="0.0">
    <ignored/>
  </testcase> <!-- logout -->
  <testcase classname="TestCases_Login.loginPage" name="loginInvalidusername" time="0.0">
    <ignored/>
  </testcase> <!-- loginInvalidusername -->
  <testcase classname="Utilities.BaseClass" name="@BeforeTest browserInstalation" time="0.0">
    <ignored/>
  </testcase> <!-- @BeforeTest browserInstalation -->
  <testcase classname="TestCases_Landingpage.addrow" name="addrow_valid_data" time="0.0">
    <ignored/>
  </testcase> <!-- addrow_valid_data -->
  <testcase classname="Utilities.BaseClass" name="@AfterTest closebrowser" time="0.0">
    <ignored/>
  </testcase> <!-- @AfterTest closebrowser -->
  <testcase classname="TestCases_Login.loginPage" name="loginInvalid" time="0.0">
    <ignored/>
  </testcase> <!-- loginInvalid -->
</testsuite> <!-- landingpage -->
