<?xml version="1.0" encoding="UTF-8"?>
<!-- Generated by org.testng.reporters.JUnitXMLReporter -->
<testsuite ignored="4" hostname="AN-HYD-LPT-141" failures="0" tests="1" name="loginPage" time="18.005" errors="0" timestamp="2024-03-13T13:07:10 IST">
  <testcase classname="TestCases_Login.loginPage" name="login" time="15.65"/>
  <testcase classname="TestCases_Login.loginPage" name="loginempty" time="0.0">
    <ignored/>
  </testcase> <!-- loginempty -->
  <testcase classname="TestCases_Login.loginPage" name="logout" time="0.0">
    <ignored/>
  </testcase> <!-- logout -->
  <testcase classname="TestCases_Login.loginPage" name="loginInvalidusername" time="0.0">
    <ignored/>
  </testcase> <!-- loginInvalidusername -->
  <testcase classname="TestCases_Login.loginPage" name="loginInvalid" time="0.0">
    <ignored/>
  </testcase> <!-- loginInvalid -->
</testsuite> <!-- loginPage -->
